Using pre-set license
Built from '2020.3/staging' branch; Version is '2020.3.0f1 (c7b5465681fb) revision 13088070'; Using compiler version '192528614'; Build Type 'Release'
OS: 'Windows 10 Pro; OS build 18363.1440; Version 1909; 64bit' Language: 'fr' Physical Memory: 16329 MB
BatchMode: 1, IsHumanControllingUs: 0, StartBugReporterOnCrash: 0, Is64bit: 1, IsPro: 0

 COMMAND LINE ARGUMENTS:
C:\Program Files\Unity\Hub\Editor\2020.3.0f1\Editor\Unity.exe
-adb2
-batchMode
-noUpm
-name
AssetImportWorker0
-projectPath
C:/Users/dewag/Documents/Projets/2020-GGJ-IllBeBack/UnityProject
-logFile
Logs/AssetImportWorker0.log
-srvPort
54921
Successfully changed project path to: C:/Users/dewag/Documents/Projets/2020-GGJ-IllBeBack/UnityProject
C:/Users/dewag/Documents/Projets/2020-GGJ-IllBeBack/UnityProject
Using Asset Import Pipeline V2.
Refreshing native plugins compatible for Editor in 99.01 ms, found 1 plugins.
Preloading 0 native plugins for Editor in 0.00 ms.
Initialize engine version: 2020.3.0f1 (c7b5465681fb)
[Subsystems] Discovering subsystems at path C:/Program Files/Unity/Hub/Editor/2020.3.0f1/Editor/Data/Resources/UnitySubsystems
[Subsystems] Discovering subsystems at path C:/Users/dewag/Documents/Projets/2020-GGJ-IllBeBack/UnityProject/Assets
GfxDevice: creating device client; threaded=0
Direct3D:
    Version:  Direct3D 11.0 [level 11.1]
    Renderer: NVIDIA GeForce GTX 1060 6GB (ID=0x1c03)
    Vendor:   
    VRAM:     6052 MB
    Driver:   27.21.14.5671
Initialize mono
Mono path[0] = 'C:/Program Files/Unity/Hub/Editor/2020.3.0f1/Editor/Data/Managed'
Mono path[1] = 'C:/Program Files/Unity/Hub/Editor/2020.3.0f1/Editor/Data/MonoBleedingEdge/lib/mono/unityjit'
Mono config path = 'C:/Program Files/Unity/Hub/Editor/2020.3.0f1/Editor/Data/MonoBleedingEdge/etc'
Using monoOptions --debugger-agent=transport=dt_socket,embedding=1,server=y,suspend=n,address=127.0.0.1:56564
Begin MonoManager ReloadAssembly
Registering precompiled unity dll's ...
Register platform support module: C:/Program Files/Unity/Hub/Editor/2020.3.0f1/Editor/Data/PlaybackEngines/WindowsStandaloneSupport/UnityEditor.WindowsStandalone.Extensions.dll
Registered in 0.001913 seconds.
Native extension for WindowsStandalone target not found
Refreshing native plugins compatible for Editor in 72.38 ms, found 1 plugins.
Preloading 0 native plugins for Editor in 0.00 ms.
Invoked RoslynAnalysisRunner static constructor.
RoslynAnalysisRunner will not be running.
RoslynAnalysisRunner has terminated.
Mono: successfully reloaded assembly
- Completed reload, in  1.298 seconds
Platform modules already initialized, skipping
Registering precompiled user dll's ...
Registered in 0.016946 seconds.
Begin MonoManager ReloadAssembly
Native extension for WindowsStandalone target not found
Refreshing native plugins compatible for Editor in 1.31 ms, found 1 plugins.
Preloading 0 native plugins for Editor in 0.00 ms.
Refreshing native plugins compatible for Editor in 1.42 ms, found 1 plugins.
DisplayProgressbar: Populating Wwise Picker
Invoked RoslynAnalysisRunner static constructor.
RoslynAnalysisRunner will not be running.
RoslynAnalysisRunner has terminated.
Mono: successfully reloaded assembly
- Completed reload, in  3.229 seconds
Platform modules already initialized, skipping
Script is not up to date after domain reload: guid(5fba41ec52429b2458323202f44a0e88) path("Assets/Wwise/API/Runtime/Plugins/Windows/x86_64/DSP/AkTremolo.dll") state(2)
========================================================================
Worker process is ready to serve import requests
Launched and connected shader compiler UnityShaderCompiler.exe after 0.05 seconds
Refreshing native plugins compatible for Editor in 1.24 ms, found 1 plugins.
Preloading 0 native plugins for Editor in 0.00 ms.
Unloading 1775 Unused Serialized files (Serialized files now loaded: 0)
System memory in use before: 91.3 MB.
System memory in use after: 91.4 MB.

Unloading 90 unused Assets to reduce memory usage. Loaded Objects now: 2199.
Total: 24.133500 ms (FindLiveObjects: 0.211200 ms CreateObjectMapping: 0.053900 ms MarkObjects: 23.707400 ms  DeleteObjects: 0.159100 ms)

========================================================================
Received Import Request.
  path: Assets/Prefab/WwiseGlobal.prefab
  artifactKey: Guid(ca077d759d529d14abd8bbb15a1f4301) Importer(815301076,1909f56bfc062723c751e8b465ee728b)
Start importing Assets/Prefab/WwiseGlobal.prefab using Guid(ca077d759d529d14abd8bbb15a1f4301) Importer(815301076,1909f56bfc062723c751e8b465ee728b)  -> (artifact id: 'bfc3fbd4adbb35a29f153a978e749d0f') in 0.045618 seconds
  Import took 0.049353 seconds .

========================================================================
Received Prepare
Registering precompiled user dll's ...
Registered in 0.016145 seconds.
Begin MonoManager ReloadAssembly
Native extension for WindowsStandalone target not found
Refreshing native plugins compatible for Editor in 1.39 ms, found 3 plugins.
Preloading 0 native plugins for Editor in 0.00 ms.
Invoked RoslynAnalysisRunner static constructor.
RoslynAnalysisRunner will not be running.
RoslynAnalysisRunner has terminated.
Mono: successfully reloaded assembly
- Completed reload, in  2.818 seconds
Platform modules already initialized, skipping
Refreshing native plugins compatible for Editor in 1.38 ms, found 3 plugins.
Preloading 0 native plugins for Editor in 0.00 ms.
Unloading 1715 Unused Serialized files (Serialized files now loaded: 0)
System memory in use before: 87.0 MB.
System memory in use after: 87.1 MB.

Unloading 85 unused Assets to reduce memory usage. Loaded Objects now: 2202.
Total: 26.147900 ms (FindLiveObjects: 0.299500 ms CreateObjectMapping: 0.064800 ms MarkObjects: 25.720800 ms  DeleteObjects: 0.060600 ms)

========================================================================
Received Prepare
Registering precompiled user dll's ...
Registered in 0.022315 seconds.
Begin MonoManager ReloadAssembly
Native extension for WindowsStandalone target not found
Refreshing native plugins compatible for Editor in 1.38 ms, found 3 plugins.
Preloading 0 native plugins for Editor in 0.00 ms.
Invoked RoslynAnalysisRunner static constructor.
RoslynAnalysisRunner will not be running.
RoslynAnalysisRunner has terminated.
Mono: successfully reloaded assembly
- Completed reload, in  2.100 seconds
Platform modules already initialized, skipping
Refreshing native plugins compatible for Editor in 1.40 ms, found 3 plugins.
Preloading 0 native plugins for Editor in 0.00 ms.
Unloading 1715 Unused Serialized files (Serialized files now loaded: 0)
System memory in use before: 87.0 MB.
System memory in use after: 87.2 MB.

Unloading 85 unused Assets to reduce memory usage. Loaded Objects now: 2205.
Total: 24.523100 ms (FindLiveObjects: 0.231200 ms CreateObjectMapping: 0.051500 ms MarkObjects: 24.182200 ms  DeleteObjects: 0.056300 ms)

========================================================================
Received Import Request.
  Time since last request: 89.672332 seconds.
  path: Assets/Wwise/API/Runtime/Handwritten/WAAPI/Ak.Wwise.Api.WAAPI.asmdef
  artifactKey: Guid(c7bd69fca51b1614787d83313a1a522f) Importer(815301076,1909f56bfc062723c751e8b465ee728b)
Start importing Assets/Wwise/API/Runtime/Handwritten/WAAPI/Ak.Wwise.Api.WAAPI.asmdef using Guid(c7bd69fca51b1614787d83313a1a522f) Importer(815301076,1909f56bfc062723c751e8b465ee728b)  -> (artifact id: 'e3ac554fd6c8c6be51cdc50bbd9e5555') in 0.014445 seconds
  Import took 0.017946 seconds .

========================================================================
Received Import Request.
  Time since last request: 0.000251 seconds.
  path: Assets/Wwise/MonoBehaviour/Editor/AK.Wwise.Unity.MonoBehaviour.Editor.asmdef
  artifactKey: Guid(ba2c49e72f1862e47b9510eeb05e3422) Importer(815301076,1909f56bfc062723c751e8b465ee728b)
Start importing Assets/Wwise/MonoBehaviour/Editor/AK.Wwise.Unity.MonoBehaviour.Editor.asmdef using Guid(ba2c49e72f1862e47b9510eeb05e3422) Importer(815301076,1909f56bfc062723c751e8b465ee728b)  -> (artifact id: '19453929033f267d53f7210915e62706') in 0.009097 seconds
  Import took 0.012538 seconds .

========================================================================
Received Import Request.
  Time since last request: 0.000263 seconds.
  path: Assets/Wwise/Editor/ProjectData/AkWwiseProjectData.asset
  artifactKey: Guid(61fd21da86e45f548b8a008980bfcd7f) Importer(815301076,1909f56bfc062723c751e8b465ee728b)
Start importing Assets/Wwise/Editor/ProjectData/AkWwiseProjectData.asset using Guid(61fd21da86e45f548b8a008980bfcd7f) Importer(815301076,1909f56bfc062723c751e8b465ee728b)  -> (artifact id: '8172685ef6d1338ede73d52f4cfe43aa') in 0.019442 seconds
  Import took 0.022791 seconds .

========================================================================
Received Import Request.
  Time since last request: 0.000257 seconds.
  path: Assets/Wwise/Timeline/Editor/AK.Wwise.Unity.Timeline.Editor.asmdef
  artifactKey: Guid(0bf40363ee869a74f9097e7e5dea972b) Importer(815301076,1909f56bfc062723c751e8b465ee728b)
Start importing Assets/Wwise/Timeline/Editor/AK.Wwise.Unity.Timeline.Editor.asmdef using Guid(0bf40363ee869a74f9097e7e5dea972b) Importer(815301076,1909f56bfc062723c751e8b465ee728b)  -> (artifact id: '0872a47f873692d67639b8e8ba28071b') in 0.009840 seconds
  Import took 0.013124 seconds .

========================================================================
Received Import Request.
  Time since last request: 0.000260 seconds.
  path: Assets/Wwise/API/Runtime/WwiseTypes/AK.Wwise.Unity.API.WwiseTypes.asmdef
  artifactKey: Guid(ff8fc5207e1981d4793573adb1e603fc) Importer(815301076,1909f56bfc062723c751e8b465ee728b)
Start importing Assets/Wwise/API/Runtime/WwiseTypes/AK.Wwise.Unity.API.WwiseTypes.asmdef using Guid(ff8fc5207e1981d4793573adb1e603fc) Importer(815301076,1909f56bfc062723c751e8b465ee728b)  -> (artifact id: 'f2553b7a2a64791af6782aef1f269357') in 0.009057 seconds
  Import took 0.012417 seconds .

========================================================================
Received Import Request.
  Time since last request: 0.000232 seconds.
  path: Assets/Wwise/Timeline/Runtime/AK.Wwise.Unity.Timeline.asmdef
  artifactKey: Guid(1d25346883b9c244ba6629d29cc9a0c3) Importer(815301076,1909f56bfc062723c751e8b465ee728b)
Start importing Assets/Wwise/Timeline/Runtime/AK.Wwise.Unity.Timeline.asmdef using Guid(1d25346883b9c244ba6629d29cc9a0c3) Importer(815301076,1909f56bfc062723c751e8b465ee728b)  -> (artifact id: '9b0c1f2853343d215845a8ced26cea38') in 0.009036 seconds
  Import took 0.012320 seconds .

========================================================================
Received Import Request.
  Time since last request: 0.000243 seconds.
  path: Assets/Wwise/API/Editor/AK.Wwise.Unity.API.Editor.asmdef
  artifactKey: Guid(66e1617b4edd2b1498a5f11b58a295b1) Importer(815301076,1909f56bfc062723c751e8b465ee728b)
Start importing Assets/Wwise/API/Editor/AK.Wwise.Unity.API.Editor.asmdef using Guid(66e1617b4edd2b1498a5f11b58a295b1) Importer(815301076,1909f56bfc062723c751e8b465ee728b)  -> (artifact id: 'dcb383958b10c5596b5e586aa251307e') in 0.009876 seconds
  Import took 0.013447 seconds .

========================================================================
Received Import Request.
  Time since last request: 0.000264 seconds.
  path: Assets/Wwise/API/Runtime/AK.Wwise.Unity.API.asmdef
  artifactKey: Guid(ec48227c4c3da1e47b59151958e3a724) Importer(815301076,1909f56bfc062723c751e8b465ee728b)
Start importing Assets/Wwise/API/Runtime/AK.Wwise.Unity.API.asmdef using Guid(ec48227c4c3da1e47b59151958e3a724) Importer(815301076,1909f56bfc062723c751e8b465ee728b)  -> (artifact id: 'f6e33774f288df4d552f62d9a5421b42') in 0.009294 seconds
  Import took 0.012600 seconds .

========================================================================
Received Import Request.
  Time since last request: 0.000212 seconds.
  path: Assets/Wwise/MonoBehaviour/Runtime/AK.Wwise.Unity.MonoBehaviour.asmdef
  artifactKey: Guid(d97278cb03bef044e98e5145177e0337) Importer(815301076,1909f56bfc062723c751e8b465ee728b)
Start importing Assets/Wwise/MonoBehaviour/Runtime/AK.Wwise.Unity.MonoBehaviour.asmdef using Guid(d97278cb03bef044e98e5145177e0337) Importer(815301076,1909f56bfc062723c751e8b465ee728b)  -> (artifact id: 'b8687bdf6870df17bdbf9f7295d93c5e') in 0.009094 seconds
  Import took 0.012278 seconds .

========================================================================
Received Import Request.
  Time since last request: 0.000231 seconds.
  path: Assets/Wwise/ScriptableObjects/AkWwiseInitializationSettings.asset
  artifactKey: Guid(2305ceb493f898c4886a1a7f98795b29) Importer(815301076,1909f56bfc062723c751e8b465ee728b)
Start importing Assets/Wwise/ScriptableObjects/AkWwiseInitializationSettings.asset using Guid(2305ceb493f898c4886a1a7f98795b29) Importer(815301076,1909f56bfc062723c751e8b465ee728b)  -> (artifact id: '5b6ea6d568974f7b2aaf76fd07ab31c0') in 0.018175 seconds
  Import took 0.021571 seconds .

========================================================================
Received Import Request.
  Time since last request: 0.488339 seconds.
  path: Assets/Wwise/Gizmos/wwise_white_on_gray.png
  artifactKey: Guid(b220b39a9a36f8f4ebd6811a1e9143f8) Importer(815301076,1909f56bfc062723c751e8b465ee728b)
Start importing Assets/Wwise/Gizmos/wwise_white_on_gray.png using Guid(b220b39a9a36f8f4ebd6811a1e9143f8) Importer(815301076,1909f56bfc062723c751e8b465ee728b)  -> (artifact id: '08dcbe79b4259c3386e09f74dafe2b29') in 0.092274 seconds
  Import took 0.095756 seconds .

========================================================================
Received Import Request.
  Time since last request: 0.000255 seconds.
  path: Assets/Wwise/Gizmos/WwiseAudioSpeaker.png
  artifactKey: Guid(68e31c9c8e62af14da76ab49acf302d0) Importer(815301076,1909f56bfc062723c751e8b465ee728b)
Start importing Assets/Wwise/Gizmos/WwiseAudioSpeaker.png using Guid(68e31c9c8e62af14da76ab49acf302d0) Importer(815301076,1909f56bfc062723c751e8b465ee728b)  -> (artifact id: 'f0787b126d7b57853bc1ac86b248fcb5') in 0.027716 seconds
  Import took 0.031247 seconds .

========================================================================
Received Prepare
Registering precompiled user dll's ...
Registered in 0.015626 seconds.
Begin MonoManager ReloadAssembly
Native extension for WindowsStandalone target not found
Refreshing native plugins compatible for Editor in 1.36 ms, found 3 plugins.
Preloading 0 native plugins for Editor in 0.00 ms.
Invoked RoslynAnalysisRunner static constructor.
RoslynAnalysisRunner will not be running.
RoslynAnalysisRunner has terminated.
Mono: successfully reloaded assembly
- Completed reload, in  2.784 seconds
Platform modules already initialized, skipping
Refreshing native plugins compatible for Editor in 1.37 ms, found 3 plugins.
Preloading 0 native plugins for Editor in 0.00 ms.
Unloading 1716 Unused Serialized files (Serialized files now loaded: 0)
System memory in use before: 102.1 MB.
System memory in use after: 102.2 MB.

Unloading 86 unused Assets to reduce memory usage. Loaded Objects now: 2211.
Total: 23.925700 ms (FindLiveObjects: 0.202400 ms CreateObjectMapping: 0.050700 ms MarkObjects: 23.606800 ms  DeleteObjects: 0.064000 ms)

========================================================================
Received Import Request.
  Time since last request: 23.444811 seconds.
  path: Assets/Prefab/WwiseGlobal.prefab
  artifactKey: Guid(ca077d759d529d14abd8bbb15a1f4301) Importer(815301076,1909f56bfc062723c751e8b465ee728b)
Start importing Assets/Prefab/WwiseGlobal.prefab using Guid(ca077d759d529d14abd8bbb15a1f4301) Importer(815301076,1909f56bfc062723c751e8b465ee728b)  -> (artifact id: '5ea8b364675a28aa7c279af70578bbe0') in 0.029805 seconds
  Import took 0.038466 seconds .

========================================================================
Received Import Request.
  Time since last request: 6.882549 seconds.
  path: Assets/Prefab/WwiseGlobal.prefab
  artifactKey: Guid(ca077d759d529d14abd8bbb15a1f4301) Importer(815301076,1909f56bfc062723c751e8b465ee728b)
Start importing Assets/Prefab/WwiseGlobal.prefab using Guid(ca077d759d529d14abd8bbb15a1f4301) Importer(815301076,1909f56bfc062723c751e8b465ee728b)  -> (artifact id: 'cb9ef33cfe0c4542f42452d3037e41a5') in 0.015194 seconds
  Import took 0.018922 seconds .

========================================================================
Received Import Request.
  Time since last request: 9.248340 seconds.
  path: Assets/Prefab/WwiseGlobal.prefab
  artifactKey: Guid(ca077d759d529d14abd8bbb15a1f4301) Importer(815301076,1909f56bfc062723c751e8b465ee728b)
Start importing Assets/Prefab/WwiseGlobal.prefab using Guid(ca077d759d529d14abd8bbb15a1f4301) Importer(815301076,1909f56bfc062723c751e8b465ee728b)  -> (artifact id: '8ff4ec645ffe522cd32dd8f1901d3ef8') in 0.010178 seconds
  Import took 0.013780 seconds .

========================================================================
Received Import Request.
  Time since last request: 2.967628 seconds.
  path: Assets/Prefab/WwiseGlobal.prefab
  artifactKey: Guid(ca077d759d529d14abd8bbb15a1f4301) Importer(815301076,1909f56bfc062723c751e8b465ee728b)
Start importing Assets/Prefab/WwiseGlobal.prefab using Guid(ca077d759d529d14abd8bbb15a1f4301) Importer(815301076,1909f56bfc062723c751e8b465ee728b)  -> (artifact id: 'a2703dcf0ea20804c4ed18c0e1c66416') in 0.006551 seconds
  Import took 0.010088 seconds .

========================================================================
Received Import Request.
  Time since last request: 3.561273 seconds.
  path: Assets/Prefab/WwiseGlobal.prefab
  artifactKey: Guid(ca077d759d529d14abd8bbb15a1f4301) Importer(815301076,1909f56bfc062723c751e8b465ee728b)
Start importing Assets/Prefab/WwiseGlobal.prefab using Guid(ca077d759d529d14abd8bbb15a1f4301) Importer(815301076,1909f56bfc062723c751e8b465ee728b)  -> (artifact id: '202f146a04fefec731b571b05070f57a') in 0.006206 seconds
  Import took 0.009697 seconds .

========================================================================
Received Import Request.
  Time since last request: 1.947105 seconds.
  path: Assets/Prefab/WwiseGlobal.prefab
  artifactKey: Guid(ca077d759d529d14abd8bbb15a1f4301) Importer(815301076,1909f56bfc062723c751e8b465ee728b)
Start importing Assets/Prefab/WwiseGlobal.prefab using Guid(ca077d759d529d14abd8bbb15a1f4301) Importer(815301076,1909f56bfc062723c751e8b465ee728b)  -> (artifact id: '46f6c53ba7f733cee22ef56d5617e855') in 0.006272 seconds
  Import took 0.009751 seconds .

========================================================================
Received Import Request.
  Time since last request: 4.994239 seconds.
  path: Assets/Prefab/WwiseGlobal.prefab
  artifactKey: Guid(ca077d759d529d14abd8bbb15a1f4301) Importer(815301076,1909f56bfc062723c751e8b465ee728b)
Start importing Assets/Prefab/WwiseGlobal.prefab using Guid(ca077d759d529d14abd8bbb15a1f4301) Importer(815301076,1909f56bfc062723c751e8b465ee728b)  -> (artifact id: '7420fae2200f94ac5866d94bfd3faf5f') in 0.007551 seconds
  Import took 0.011091 seconds .

========================================================================
Received Prepare
Registering precompiled user dll's ...
Registered in 0.015675 seconds.
Begin MonoManager ReloadAssembly
Native extension for WindowsStandalone target not found
Refreshing native plugins compatible for Editor in 1.37 ms, found 3 plugins.
Preloading 0 native plugins for Editor in 0.00 ms.
Invoked RoslynAnalysisRunner static constructor.
RoslynAnalysisRunner will not be running.
RoslynAnalysisRunner has terminated.
Mono: successfully reloaded assembly
- Completed reload, in  2.114 seconds
Platform modules already initialized, skipping
Refreshing native plugins compatible for Editor in 1.72 ms, found 3 plugins.
Preloading 0 native plugins for Editor in 0.00 ms.
Unloading 1715 Unused Serialized files (Serialized files now loaded: 0)
System memory in use before: 87.1 MB.
System memory in use after: 87.2 MB.

Unloading 85 unused Assets to reduce memory usage. Loaded Objects now: 2214.
Total: 24.043000 ms (FindLiveObjects: 0.208900 ms CreateObjectMapping: 0.051300 ms MarkObjects: 23.711800 ms  DeleteObjects: 0.069200 ms)

========================================================================
Received Prepare
Registering precompiled user dll's ...
Registered in 0.025809 seconds.
Begin MonoManager ReloadAssembly
Native extension for WindowsStandalone target not found
Refreshing native plugins compatible for Editor in 1.41 ms, found 3 plugins.
Preloading 0 native plugins for Editor in 0.00 ms.
Invoked RoslynAnalysisRunner static constructor.
RoslynAnalysisRunner will not be running.
RoslynAnalysisRunner has terminated.
Mono: successfully reloaded assembly
- Completed reload, in  2.143 seconds
Platform modules already initialized, skipping
Refreshing native plugins compatible for Editor in 1.41 ms, found 3 plugins.
Preloading 0 native plugins for Editor in 0.00 ms.
Unloading 1715 Unused Serialized files (Serialized files now loaded: 0)
System memory in use before: 87.2 MB.
System memory in use after: 87.3 MB.

Unloading 85 unused Assets to reduce memory usage. Loaded Objects now: 2217.
Total: 24.437100 ms (FindLiveObjects: 0.239100 ms CreateObjectMapping: 0.052400 ms MarkObjects: 24.085400 ms  DeleteObjects: 0.057800 ms)

========================================================================
Received Import Request.
  Time since last request: 338.124393 seconds.
  path: Assets/Resources/DOTweenSettings.asset
  artifactKey: Guid(2071392187671be42a6244cb006f4153) Importer(815301076,1909f56bfc062723c751e8b465ee728b)
Start importing Assets/Resources/DOTweenSettings.asset using Guid(2071392187671be42a6244cb006f4153) Importer(815301076,1909f56bfc062723c751e8b465ee728b)  -> (artifact id: '130c5ade35754bc1373dceff755bd9df') in 0.025173 seconds
  Import took 0.028885 seconds .

========================================================================
Received Import Request.
  Time since last request: 5.503932 seconds.
  path: Assets/Wwise/Editor/ProjectData/AkWwiseProjectData.asset
  artifactKey: Guid(61fd21da86e45f548b8a008980bfcd7f) Importer(815301076,1909f56bfc062723c751e8b465ee728b)
Start importing Assets/Wwise/Editor/ProjectData/AkWwiseProjectData.asset using Guid(61fd21da86e45f548b8a008980bfcd7f) Importer(815301076,1909f56bfc062723c751e8b465ee728b)  -> (artifact id: '4bf689bf6bafbb4e6731b1cebab024c0') in 0.010053 seconds
  Import took 0.013455 seconds .

========================================================================
Received Prepare
Registering precompiled user dll's ...
Registered in 0.016315 seconds.
Begin MonoManager ReloadAssembly
Native extension for WindowsStandalone target not found
Refreshing native plugins compatible for Editor in 1.36 ms, found 3 plugins.
Preloading 0 native plugins for Editor in 0.00 ms.
WwiseUnity: The platform SoundBank subfolder within the Wwise project could not be found.
UnityEngine.StackTraceUtility:ExtractStackTrace ()
UnityEngine.DebugLogHandler:LogFormat (UnityEngine.LogType,UnityEngine.Object,string,object[])
UnityEngine.Logger:Log (UnityEngine.LogType,object)
UnityEngine.Debug:LogWarning (object)
AkBasePathGetter:GetPlatformBasePathEditor (string) (at C:/Users/dewag/Documents/Projets/2020-GGJ-IllBeBack/UnityProject_WwiseIntegrationTemp1/Assets/Wwise/API/Runtime/Handwritten/Common/AkBasePathGetter.cs:168)
AkBasePathGetter:GetPlatformBasePath () (at C:/Users/dewag/Documents/Projets/2020-GGJ-IllBeBack/UnityProject_WwiseIntegrationTemp1/Assets/Wwise/API/Runtime/Handwritten/Common/AkBasePathGetter.cs:60)
AkWwiseFileWatcher:StartWatchers () (at C:/Users/dewag/Documents/Projets/2020-GGJ-IllBeBack/UnityProject_WwiseIntegrationTemp1/Assets/Wwise/API/Runtime/Handwritten/Common/AkWwiseFileWatcher.cs:40)
AkWwiseFileWatcher:.ctor () (at C:/Users/dewag/Documents/Projets/2020-GGJ-IllBeBack/UnityProject_WwiseIntegrationTemp1/Assets/Wwise/API/Runtime/Handwritten/Common/AkWwiseFileWatcher.cs:35)
AkWwiseFileWatcher:.cctor () (at C:/Users/dewag/Documents/Projets/2020-GGJ-IllBeBack/UnityProject_WwiseIntegrationTemp1/Assets/Wwise/API/Runtime/Handwritten/Common/AkWwiseFileWatcher.cs:12)
AkWwiseXMLBuilder:.cctor () (at Assets/Wwise/API/Editor/WwiseWindows/AkWwiseXMLBuilder.cs:15)
System.Runtime.CompilerServices.RuntimeHelpers:RunClassConstructor (System.RuntimeTypeHandle)
UnityEditor.EditorAssemblies:ProcessInitializeOnLoadAttributes (System.Type[])

(Filename: Assets/Wwise/API/Editor/WwiseWindows/AkWwiseXMLBuilder.cs Line: 15)

Invoked RoslynAnalysisRunner static constructor.
RoslynAnalysisRunner will not be running.
RoslynAnalysisRunner has terminated.
Mono: successfully reloaded assembly
- Completed reload, in  2.107 seconds
Platform modules already initialized, skipping
Refreshing native plugins compatible for Editor in 1.38 ms, found 3 plugins.
Preloading 0 native plugins for Editor in 0.00 ms.
Unloading 1715 Unused Serialized files (Serialized files now loaded: 0)
System memory in use before: 87.3 MB.
System memory in use after: 87.4 MB.

Unloading 86 unused Assets to reduce memory usage. Loaded Objects now: 2219.
Total: 24.260500 ms (FindLiveObjects: 0.239400 ms CreateObjectMapping: 0.060600 ms MarkObjects: 23.880600 ms  DeleteObjects: 0.077700 ms)

========================================================================
Received Prepare
Registering precompiled user dll's ...
Registered in 0.016250 seconds.
Begin MonoManager ReloadAssembly
Native extension for WindowsStandalone target not found
Refreshing native plugins compatible for Editor in 1.41 ms, found 3 plugins.
Preloading 0 native plugins for Editor in 0.00 ms.
WwiseUnity: The platform SoundBank subfolder within the Wwise project could not be found.
UnityEngine.StackTraceUtility:ExtractStackTrace ()
UnityEngine.DebugLogHandler:LogFormat (UnityEngine.LogType,UnityEngine.Object,string,object[])
UnityEngine.Logger:Log (UnityEngine.LogType,object)
UnityEngine.Debug:LogWarning (object)
AkBasePathGetter:GetPlatformBasePathEditor (string) (at C:/Users/dewag/Documents/Projets/2020-GGJ-IllBeBack/UnityProject_WwiseIntegrationTemp1/Assets/Wwise/API/Runtime/Handwritten/Common/AkBasePathGetter.cs:168)
AkBasePathGetter:GetPlatformBasePath () (at C:/Users/dewag/Documents/Projets/2020-GGJ-IllBeBack/UnityProject_WwiseIntegrationTemp1/Assets/Wwise/API/Runtime/Handwritten/Common/AkBasePathGetter.cs:60)
AkWwiseFileWatcher:StartWatchers () (at C:/Users/dewag/Documents/Projets/2020-GGJ-IllBeBack/UnityProject_WwiseIntegrationTemp1/Assets/Wwise/API/Runtime/Handwritten/Common/AkWwiseFileWatcher.cs:40)
AkWwiseFileWatcher:.ctor () (at C:/Users/dewag/Documents/Projets/2020-GGJ-IllBeBack/UnityProject_WwiseIntegrationTemp1/Assets/Wwise/API/Runtime/Handwritten/Common/AkWwiseFileWatcher.cs:35)
AkWwiseFileWatcher:.cctor () (at C:/Users/dewag/Documents/Projets/2020-GGJ-IllBeBack/UnityProject_WwiseIntegrationTemp1/Assets/Wwise/API/Runtime/Handwritten/Common/AkWwiseFileWatcher.cs:12)
AkWwiseXMLBuilder:.cctor () (at Assets/Wwise/API/Editor/WwiseWindows/AkWwiseXMLBuilder.cs:15)
System.Runtime.CompilerServices.RuntimeHelpers:RunClassConstructor (System.RuntimeTypeHandle)
UnityEditor.EditorAssemblies:ProcessInitializeOnLoadAttributes (System.Type[])

(Filename: Assets/Wwise/API/Editor/WwiseWindows/AkWwiseXMLBuilder.cs Line: 15)

Invoked RoslynAnalysisRunner static constructor.
RoslynAnalysisRunner will not be running.
RoslynAnalysisRunner has terminated.
Mono: successfully reloaded assembly
- Completed reload, in  2.006 seconds
Platform modules already initialized, skipping
Refreshing native plugins compatible for Editor in 1.36 ms, found 3 plugins.
Preloading 0 native plugins for Editor in 0.00 ms.
Unloading 1715 Unused Serialized files (Serialized files now loaded: 0)
System memory in use before: 86.7 MB.
System memory in use after: 86.8 MB.

Unloading 85 unused Assets to reduce memory usage. Loaded Objects now: 2222.
Total: 23.295400 ms (FindLiveObjects: 0.353100 ms CreateObjectMapping: 0.056200 ms MarkObjects: 22.823900 ms  DeleteObjects: 0.060500 ms)

========================================================================
Received Prepare
Registering precompiled user dll's ...
Registered in 0.015856 seconds.
Begin MonoManager ReloadAssembly
Native extension for WindowsStandalone target not found
Refreshing native plugins compatible for Editor in 1.62 ms, found 3 plugins.
Preloading 0 native plugins for Editor in 0.00 ms.
WwiseUnity: The platform SoundBank subfolder within the Wwise project could not be found.
UnityEngine.StackTraceUtility:ExtractStackTrace ()
UnityEngine.DebugLogHandler:LogFormat (UnityEngine.LogType,UnityEngine.Object,string,object[])
UnityEngine.Logger:Log (UnityEngine.LogType,object)
UnityEngine.Debug:LogWarning (object)
AkBasePathGetter:GetPlatformBasePathEditor (string) (at C:/Users/dewag/Documents/Projets/2020-GGJ-IllBeBack/UnityProject_WwiseIntegrationTemp1/Assets/Wwise/API/Runtime/Handwritten/Common/AkBasePathGetter.cs:168)
AkBasePathGetter:GetPlatformBasePath () (at C:/Users/dewag/Documents/Projets/2020-GGJ-IllBeBack/UnityProject_WwiseIntegrationTemp1/Assets/Wwise/API/Runtime/Handwritten/Common/AkBasePathGetter.cs:60)
AkWwiseFileWatcher:StartWatchers () (at C:/Users/dewag/Documents/Projets/2020-GGJ-IllBeBack/UnityProject_WwiseIntegrationTemp1/Assets/Wwise/API/Runtime/Handwritten/Common/AkWwiseFileWatcher.cs:40)
AkWwiseFileWatcher:.ctor () (at C:/Users/dewag/Documents/Projets/2020-GGJ-IllBeBack/UnityProject_WwiseIntegrationTemp1/Assets/Wwise/API/Runtime/Handwritten/Common/AkWwiseFileWatcher.cs:35)
AkWwiseFileWatcher:.cctor () (at C:/Users/dewag/Documents/Projets/2020-GGJ-IllBeBack/UnityProject_WwiseIntegrationTemp1/Assets/Wwise/API/Runtime/Handwritten/Common/AkWwiseFileWatcher.cs:12)
AkWwiseXMLBuilder:.cctor () (at Assets/Wwise/API/Editor/WwiseWindows/AkWwiseXMLBuilder.cs:15)
System.Runtime.CompilerServices.RuntimeHelpers:RunClassConstructor (System.RuntimeTypeHandle)
UnityEditor.EditorAssemblies:ProcessInitializeOnLoadAttributes (System.Type[])

(Filename: Assets/Wwise/API/Editor/WwiseWindows/AkWwiseXMLBuilder.cs Line: 15)

Invoked RoslynAnalysisRunner static constructor.
RoslynAnalysisRunner will not be running.
RoslynAnalysisRunner has terminated.
Mono: successfully reloaded assembly
- Completed reload, in  2.061 seconds
Platform modules already initialized, skipping
Refreshing native plugins compatible for Editor in 1.73 ms, found 3 plugins.
Preloading 0 native plugins for Editor in 0.00 ms.
Unloading 1715 Unused Serialized files (Serialized files now loaded: 0)
System memory in use before: 86.7 MB.
System memory in use after: 86.8 MB.

Unloading 85 unused Assets to reduce memory usage. Loaded Objects now: 2225.
Total: 26.489200 ms (FindLiveObjects: 0.239100 ms CreateObjectMapping: 0.051400 ms MarkObjects: 26.120400 ms  DeleteObjects: 0.075900 ms)

========================================================================
Received Prepare
Registering precompiled user dll's ...
Registered in 0.016741 seconds.
Begin MonoManager ReloadAssembly
Native extension for WindowsStandalone target not found
Refreshing native plugins compatible for Editor in 1.38 ms, found 3 plugins.
Preloading 0 native plugins for Editor in 0.00 ms.
WwiseUnity: The platform SoundBank subfolder within the Wwise project could not be found.
UnityEngine.StackTraceUtility:ExtractStackTrace ()
UnityEngine.DebugLogHandler:LogFormat (UnityEngine.LogType,UnityEngine.Object,string,object[])
UnityEngine.Logger:Log (UnityEngine.LogType,object)
UnityEngine.Debug:LogWarning (object)
AkBasePathGetter:GetPlatformBasePathEditor (string) (at C:/Users/dewag/Documents/Projets/2020-GGJ-IllBeBack/UnityProject_WwiseIntegrationTemp1/Assets/Wwise/API/Runtime/Handwritten/Common/AkBasePathGetter.cs:168)
AkBasePathGetter:GetPlatformBasePath () (at C:/Users/dewag/Documents/Projets/2020-GGJ-IllBeBack/UnityProject_WwiseIntegrationTemp1/Assets/Wwise/API/Runtime/Handwritten/Common/AkBasePathGetter.cs:60)
AkWwiseFileWatcher:StartWatchers () (at C:/Users/dewag/Documents/Projets/2020-GGJ-IllBeBack/UnityProject_WwiseIntegrationTemp1/Assets/Wwise/API/Runtime/Handwritten/Common/AkWwiseFileWatcher.cs:40)
AkWwiseFileWatcher:.ctor () (at C:/Users/dewag/Documents/Projets/2020-GGJ-IllBeBack/UnityProject_WwiseIntegrationTemp1/Assets/Wwise/API/Runtime/Handwritten/Common/AkWwiseFileWatcher.cs:35)
AkWwiseFileWatcher:.cctor () (at C:/Users/dewag/Documents/Projets/2020-GGJ-IllBeBack/UnityProject_WwiseIntegrationTemp1/Assets/Wwise/API/Runtime/Handwritten/Common/AkWwiseFileWatcher.cs:12)
AkWwiseXMLBuilder:.cctor () (at Assets/Wwise/API/Editor/WwiseWindows/AkWwiseXMLBuilder.cs:15)
System.Runtime.CompilerServices.RuntimeHelpers:RunClassConstructor (System.RuntimeTypeHandle)
UnityEditor.EditorAssemblies:ProcessInitializeOnLoadAttributes (System.Type[])

(Filename: Assets/Wwise/API/Editor/WwiseWindows/AkWwiseXMLBuilder.cs Line: 15)

Invoked RoslynAnalysisRunner static constructor.
RoslynAnalysisRunner will not be running.
RoslynAnalysisRunner has terminated.
Mono: successfully reloaded assembly
- Completed reload, in  2.070 seconds
Platform modules already initialized, skipping
Refreshing native plugins compatible for Editor in 1.46 ms, found 3 plugins.
Preloading 0 native plugins for Editor in 0.00 ms.
Unloading 1715 Unused Serialized files (Serialized files now loaded: 0)
System memory in use before: 86.7 MB.
System memory in use after: 86.9 MB.

Unloading 85 unused Assets to reduce memory usage. Loaded Objects now: 2228.
Total: 24.221100 ms (FindLiveObjects: 0.250900 ms CreateObjectMapping: 0.053900 ms MarkObjects: 23.853800 ms  DeleteObjects: 0.060600 ms)

========================================================================
Received Prepare
Registering precompiled user dll's ...
Registered in 0.016123 seconds.
Begin MonoManager ReloadAssembly
Native extension for WindowsStandalone target not found
Refreshing native plugins compatible for Editor in 1.77 ms, found 3 plugins.
Preloading 0 native plugins for Editor in 0.00 ms.
WwiseUnity: The platform SoundBank subfolder within the Wwise project could not be found.
UnityEngine.StackTraceUtility:ExtractStackTrace ()
UnityEngine.DebugLogHandler:LogFormat (UnityEngine.LogType,UnityEngine.Object,string,object[])
UnityEngine.Logger:Log (UnityEngine.LogType,object)
UnityEngine.Debug:LogWarning (object)
AkBasePathGetter:GetPlatformBasePathEditor (string) (at C:/Users/dewag/Documents/Projets/2020-GGJ-IllBeBack/UnityProject_WwiseIntegrationTemp1/Assets/Wwise/API/Runtime/Handwritten/Common/AkBasePathGetter.cs:168)
AkBasePathGetter:GetPlatformBasePath () (at C:/Users/dewag/Documents/Projets/2020-GGJ-IllBeBack/UnityProject_WwiseIntegrationTemp1/Assets/Wwise/API/Runtime/Handwritten/Common/AkBasePathGetter.cs:60)
AkWwiseFileWatcher:StartWatchers () (at C:/Users/dewag/Documents/Projets/2020-GGJ-IllBeBack/UnityProject_WwiseIntegrationTemp1/Assets/Wwise/API/Runtime/Handwritten/Common/AkWwiseFileWatcher.cs:40)
AkWwiseFileWatcher:.ctor () (at C:/Users/dewag/Documents/Projets/2020-GGJ-IllBeBack/UnityProject_WwiseIntegrationTemp1/Assets/Wwise/API/Runtime/Handwritten/Common/AkWwiseFileWatcher.cs:35)
AkWwiseFileWatcher:.cctor () (at C:/Users/dewag/Documents/Projets/2020-GGJ-IllBeBack/UnityProject_WwiseIntegrationTemp1/Assets/Wwise/API/Runtime/Handwritten/Common/AkWwiseFileWatcher.cs:12)
AkWwiseXMLBuilder:.cctor () (at Assets/Wwise/API/Editor/WwiseWindows/AkWwiseXMLBuilder.cs:15)
System.Runtime.CompilerServices.RuntimeHelpers:RunClassConstructor (System.RuntimeTypeHandle)
UnityEditor.EditorAssemblies:ProcessInitializeOnLoadAttributes (System.Type[])

(Filename: Assets/Wwise/API/Editor/WwiseWindows/AkWwiseXMLBuilder.cs Line: 15)

Invoked RoslynAnalysisRunner static constructor.
RoslynAnalysisRunner will not be running.
RoslynAnalysisRunner has terminated.
Mono: successfully reloaded assembly
- Completed reload, in  2.036 seconds
Platform modules already initialized, skipping
Refreshing native plugins compatible for Editor in 1.40 ms, found 3 plugins.
Preloading 0 native plugins for Editor in 0.00 ms.
Unloading 1715 Unused Serialized files (Serialized files now loaded: 0)
System memory in use before: 86.8 MB.
System memory in use after: 86.9 MB.

Unloading 85 unused Assets to reduce memory usage. Loaded Objects now: 2231.
Total: 24.706800 ms (FindLiveObjects: 0.255200 ms CreateObjectMapping: 0.056000 ms MarkObjects: 24.325900 ms  DeleteObjects: 0.067300 ms)

========================================================================
Received Prepare
Registering precompiled user dll's ...
Registered in 0.015767 seconds.
Begin MonoManager ReloadAssembly
Native extension for WindowsStandalone target not found
Refreshing native plugins compatible for Editor in 1.36 ms, found 3 plugins.
Preloading 0 native plugins for Editor in 0.00 ms.
WwiseUnity: The platform SoundBank subfolder within the Wwise project could not be found.
UnityEngine.StackTraceUtility:ExtractStackTrace ()
UnityEngine.DebugLogHandler:LogFormat (UnityEngine.LogType,UnityEngine.Object,string,object[])
UnityEngine.Logger:Log (UnityEngine.LogType,object)
UnityEngine.Debug:LogWarning (object)
AkBasePathGetter:GetPlatformBasePathEditor (string) (at C:/Users/dewag/Documents/Projets/2020-GGJ-IllBeBack/UnityProject_WwiseIntegrationTemp1/Assets/Wwise/API/Runtime/Handwritten/Common/AkBasePathGetter.cs:168)
AkBasePathGetter:GetPlatformBasePath () (at C:/Users/dewag/Documents/Projets/2020-GGJ-IllBeBack/UnityProject_WwiseIntegrationTemp1/Assets/Wwise/API/Runtime/Handwritten/Common/AkBasePathGetter.cs:60)
AkWwiseFileWatcher:StartWatchers () (at C:/Users/dewag/Documents/Projets/2020-GGJ-IllBeBack/UnityProject_WwiseIntegrationTemp1/Assets/Wwise/API/Runtime/Handwritten/Common/AkWwiseFileWatcher.cs:40)
AkWwiseFileWatcher:.ctor () (at C:/Users/dewag/Documents/Projets/2020-GGJ-IllBeBack/UnityProject_WwiseIntegrationTemp1/Assets/Wwise/API/Runtime/Handwritten/Common/AkWwiseFileWatcher.cs:35)
AkWwiseFileWatcher:.cctor () (at C:/Users/dewag/Documents/Projets/2020-GGJ-IllBeBack/UnityProject_WwiseIntegrationTemp1/Assets/Wwise/API/Runtime/Handwritten/Common/AkWwiseFileWatcher.cs:12)
AkWwiseXMLBuilder:.cctor () (at Assets/Wwise/API/Editor/WwiseWindows/AkWwiseXMLBuilder.cs:15)
System.Runtime.CompilerServices.RuntimeHelpers:RunClassConstructor (System.RuntimeTypeHandle)
UnityEditor.EditorAssemblies:ProcessInitializeOnLoadAttributes (System.Type[])

(Filename: Assets/Wwise/API/Editor/WwiseWindows/AkWwiseXMLBuilder.cs Line: 15)

Invoked RoslynAnalysisRunner static constructor.
RoslynAnalysisRunner will not be running.
RoslynAnalysisRunner has terminated.
Mono: successfully reloaded assembly
- Completed reload, in  2.022 seconds
Platform modules already initialized, skipping
Refreshing native plugins compatible for Editor in 1.39 ms, found 3 plugins.
Preloading 0 native plugins for Editor in 0.00 ms.
Unloading 1715 Unused Serialized files (Serialized files now loaded: 0)
System memory in use before: 86.8 MB.
System memory in use after: 86.9 MB.

Unloading 85 unused Assets to reduce memory usage. Loaded Objects now: 2234.
Total: 24.241800 ms (FindLiveObjects: 0.249800 ms CreateObjectMapping: 0.055400 ms MarkObjects: 23.876100 ms  DeleteObjects: 0.058500 ms)

AssetImportWorkerClient::OnTransportError - code=2 error=End of file
